# JRE version: OpenJDK Runtime Environment (17.0.20+8) (build 17.0.20+8-1-deb12u1-Debian)
# Java VM: OpenJDK 64-Bit Server VM (17.0.20+8-1-deb12u1-Debian, mixed mode, sharing, tiered, compressed oops, compressed class ptrs, g1 gc, linux-amd64)
GC Precious Log:
 CPUs: 2 total, 2 available
 Memory: 2048M
 Large Page Support: Disabled
 NUMA Support: Disabled
 Compressed Oops: Enabled (32-bit)
 Heap Region Size: 1M
 Heap Min Capacity: 8M
 Heap Initial Capacity: 32M
 Heap Max Capacity: 512M
 Pre-touch: Disabled
 Parallel Workers: 2
 Concurrent Workers: 1
 Concurrent Refinement Workers: 2
 Periodic GC: Disabled
Heap:
 garbage-first heap   total 66560K, used 43019K [0x00000000e0000000, 0x0000000100000000)
  region size 1024K, 2 young (2048K), 2 survivors (2048K)
 Metaspace       used 41011K, committed 41280K, reserved 1114112K
  class space    used 4932K, committed 5056K, reserved 1048576K
GC Heap History (20 events):
Event: 3.628 GC heap after
{Heap after GC invocations=11 (full 0):
 garbage-first heap   total 55296K, used 20588K [0x00000000e0000000, 0x0000000100000000)
  region size 1024K, 1 young (1024K), 1 survivors (1024K)
 Metaspace       used 26790K, committed 27008K, reserved 1114112K
  class space    used 3525K, committed 3584K, reserved 1048576K
}
Event: 4.194 GC heap before
{Heap before GC invocations=11 (full 0):
 garbage-first heap   total 55296K, used 36972K [0x00000000e0000000, 0x0000000100000000)
  region size 1024K, 18 young (18432K), 1 survivors (1024K)
 Metaspace       used 31455K, committed 31744K, reserved 1114112K
  class space    used 3995K, committed 4160K, reserved 1048576K
}
Event: 4.199 GC heap after
{Heap after GC invocations=12 (full 0):
 garbage-first heap   total 55296K, used 21192K [0x00000000e0000000, 0x0000000100000000)
  region size 1024K, 2 young (2048K), 2 survivors (2048K)
 Metaspace       used 31455K, committed 31744K, reserved 1114112K
  class space    used 3995K, committed 4160K, reserved 1048576K
}
Event: 4.939 GC heap before
{Heap before GC invocations=12 (full 0):
 garbage-first heap   total 55296K, used 37576K [0x00000000e0000000, 0x0000000100000000)
  region size 1024K, 19 young (19456K), 2 survivors (2048K)
 Metaspace       used 35332K, committed 35584K, reserved 1114112K
  class space    used 4371K, committed 4480K, reserved 1048576K
}
Event: 4.944 GC heap after
{Heap after GC invocations=13 (full 0):
 garbage-first heap   total 55296K, used 22891K [0x00000000e0000000, 0x0000000100000000)
  region size 1024K, 3 young (3072K), 3 survivors (3072K)
 Metaspace       used 35332K, committed 35584K, reserved 1114112K
  class space    used 4371K, committed 4480K, reserved 1048576K
}
Event: 5.112 GC heap before
{Heap before GC invocations=13 (full 0):
 garbage-first heap   total 55296K, used 26987K [0x00000000e0000000, 0x0000000100000000)
  region size 1024K, 8 young (8192K), 3 survivors (3072K)
 Metaspace       used 35928K, committed 36160K, reserved 1114112K
  class space    used 4433K, committed 4544K, reserved 1048576K
}
Event: 5.118 GC heap after
{Heap after GC invocations=14 (full 0):
 garbage-first heap   total 55296K, used 23509K [0x00000000e0000000, 0x0000000100000000)
  region size 1024K, 1 young (1024K), 1 survivors (1024K)
 Metaspace       used 35928K, committed 36160K, reserved 1114112K
  class space    used 4433K, committed 4544K, reserved 1048576K
}
Event: 6.004 GC heap before
{Heap before GC invocations=15 (full 0):
 garbage-first heap   total 55296K, used 38869K [0x00000000e0000000, 0x0000000100000000)
  region size 1024K, 17 young (17408K), 1 survivors (1024K)
 Metaspace       used 38726K, committed 38976K, reserved 1114112K
  class space    used 4726K, committed 4864K, reserved 1048576K
}
Event: 6.013 GC heap after
{Heap after GC invocations=16 (full 0):
 garbage-first heap   total 55296K, used 25227K [0x00000000e0000000, 0x0000000100000000)
  region size 1024K, 3 young (3072K), 3 survivors (3072K)
 Metaspace       used 38726K, committed 38976K, reserved 1114112K
  class space    used 4726K, committed 4864K, reserved 1048576K
}
Event: 6.097 GC heap before
{Heap before GC invocations=16 (full 0):
 garbage-first heap   total 55296K, used 26251K [0x00000000e0000000, 0x0000000100000000)
  region size 1024K, 4 young (4096K), 3 survivors (3072K)
 Metaspace       used 38808K, committed 39040K, reserved 1114112K
  class space    used 4730K, committed 4864K, reserved 1048576K
}
Event: 6.102 GC heap after
{Heap after GC invocations=17 (full 0):
 garbage-first heap   total 55296K, used 25326K [0x00000000e0000000, 0x0000000100000000)
  region size 1024K, 1 young (1024K), 1 survivors (1024K)
 Metaspace       used 38808K, committed 39040K, reserved 1114112K
  class space    used 4730K, committed 4864K, reserved 1048576K
}
Event: 6.722 GC heap before
{Heap before GC invocations=17 (full 0):
 garbage-first heap   total 55296K, used 40686K [0x00000000e0000000, 0x0000000100000000)
  region size 1024K, 16 young (16384K), 1 survivors (1024K)
 Metaspace       used 39687K, committed 39936K, reserved 1114112K
  class space    used 4799K, committed 4928K, reserved 1048576K
}
Event: 6.729 GC heap after
{Heap after GC invocations=18 (full 0):
 garbage-first heap   total 55296K, used 29077K [0x00000000e0000000, 0x0000000100000000)
  region size 1024K, 2 young (2048K), 2 survivors (2048K)
 Metaspace       used 39687K, committed 39936K, reserved 1114112K
  class space    used 4799K, committed 4928K, reserved 1048576K
}
Event: 6.839 GC heap before
{Heap before GC invocations=18 (full 0):
 garbage-first heap   total 55296K, used 40341K [0x00000000e0000000, 0x0000000100000000)
  region size 1024K, 13 young (13312K), 2 survivors (2048K)
 Metaspace       used 39729K, committed 40000K, reserved 1114112K
  class space    used 4799K, committed 4928K, reserved 1048576K
}
Event: 6.899 GC heap after
{Heap after GC invocations=19 (full 0):
 garbage-first heap   total 55296K, used 34538K [0x00000000e0000000, 0x0000000100000000)
  region size 1024K, 2 young (2048K), 2 survivors (2048K)
 Metaspace       used 39729K, committed 40000K, reserved 1114112K
  class space    used 4799K, committed 4928K, reserved 1048576K
}
Event: 6.935 GC heap before
{Heap before GC invocations=19 (full 0):
 garbage-first heap   total 66560K, used 41706K [0x00000000e0000000, 0x0000000100000000)
  region size 1024K, 9 young (9216K), 2 survivors (2048K)
 Metaspace       used 39764K, committed 40000K, reserved 1114112K
  class space    used 4799K, committed 4928K, reserved 1048576K
}
Event: 6.943 GC heap after
{Heap after GC invocations=20 (full 0):
 garbage-first heap   total 66560K, used 37812K [0x00000000e0000000, 0x0000000100000000)
  region size 1024K, 2 young (2048K), 2 survivors (2048K)
 Metaspace       used 39764K, committed 40000K, reserved 1114112K
  class space    used 4799K, committed 4928K, reserved 1048576K
}
Event: 7.206 GC heap before
{Heap before GC invocations=21 (full 0):
 garbage-first heap   total 66560K, used 49076K [0x00000000e0000000, 0x0000000100000000)
  region size 1024K, 13 young (13312K), 2 survivors (2048K)
 Metaspace       used 39859K, committed 40128K, reserved 1114112K
  class space    used 4802K, committed 4928K, reserved 1048576K
}
Event: 7.215 GC heap after
{Heap after GC invocations=22 (full 0):
 garbage-first heap   total 66560K, used 41552K [0x00000000e0000000, 0x0000000100000000)
  region size 1024K, 2 young (2048K), 2 survivors (2048K)
 Metaspace       used 39859K, committed 40128K, reserved 1114112K
  class space    used 4802K, committed 4928K, reserved 1048576K
}
Event: 8.132 GC heap before
{Heap before GC invocations=22 (full 0):
 garbage-first heap   total 66560K, used 48720K [0x00000000e0000000, 0x0000000100000000)
  region size 1024K, 10 young (10240K), 2 survivors (2048K)
 Metaspace       used 41011K, committed 41280K, reserved 1114112K
  class space    used 4932K, committed 5056K, reserved 1048576K
}

